<?xml version="1.0" encoding="UTF-8"?>
<!-- Generated by org.testng.reporters.JUnitReportReporter -->
<testsuite hostname="MSI" failures="0" tests="3" name="testcasesrediffPortfolio.ManageStocksTest" time="138.380" errors="0" timestamp="2026-07-29T12:24:38 IST" skipped="0">
  <testcase classname="testcasesrediffPortfolio.ManageStocksTest" name="verifyTransactionHistory" time="62.665"/>
  <testcase classname="testcasesrediffPortfolio.ManageStocksTest" name="verifyStockIsPresent" time="60.424"/>
  <testcase classname="testcasesrediffPortfolio.ManageStocksTest" name="addStockTest" time="15.291"/>
</testsuite> <!-- testcasesrediffPortfolio.ManageStocksTest -->
