<?xml version="1.0" encoding="UTF-8"?>
<!-- Generated by org.testng.reporters.JUnitReportReporter -->
<testsuite hostname="MSI" failures="0" tests="6" name="testcasesrediffPortfolio.ManageSessionTest" time="53.896" errors="0" timestamp="2026-08-11T18:17:00 IST" skipped="4">
  <testcase classname="testcasesrediffPortfolio.ManageSessionTest" name="doLogin" time="0.000">
    <skipped/>
  </testcase> <!-- doLogin -->
  <testcase classname="testcasesrediffPortfolio.ManageSessionTest" name="doLogin" time="0.001">
    <skipped/>
  </testcase> <!-- doLogin -->
  <testcase classname="testcasesrediffPortfolio.ManageSessionTest" name="doLogin" time="26.023"/>
  <testcase classname="testcasesrediffPortfolio.ManageSessionTest" name="doLogin" time="27.871"/>
  <testcase classname="testcasesrediffPortfolio.ManageSessionTest" name="doLogin" time="0.000">
    <skipped/>
  </testcase> <!-- doLogin -->
  <testcase classname="testcasesrediffPortfolio.ManageSessionTest" name="doLogin" time="0.001">
    <skipped/>
  </testcase> <!-- doLogin -->
</testsuite> <!-- testcasesrediffPortfolio.ManageSessionTest -->
