<?xml version="1.0" encoding="UTF-8"?>
<!-- Generated by org.testng.reporters.JUnitReportReporter -->
<testsuite hostname="MSI" failures="0" tests="6" name="testcasesrediffPortfolio.ManageportfolioTest" time="11.750" errors="0" timestamp="2026-08-11T18:17:00 IST" skipped="4">
  <testcase classname="testcasesrediffPortfolio.ManageportfolioTest" name="createPortfolio" time="5.525"/>
  <testcase classname="testcasesrediffPortfolio.ManageportfolioTest" name="deleteportfolio" time="0.001">
    <skipped/>
  </testcase> <!-- deleteportfolio -->
  <testcase classname="testcasesrediffPortfolio.ManageportfolioTest" name="createPortfolio" time="0.000">
    <skipped/>
  </testcase> <!-- createPortfolio -->
  <testcase classname="testcasesrediffPortfolio.ManageportfolioTest" name="deleteportfolio" time="0.000">
    <skipped/>
  </testcase> <!-- deleteportfolio -->
  <testcase classname="testcasesrediffPortfolio.ManageportfolioTest" name="deleteportfolio" time="6.224"/>
  <testcase classname="testcasesrediffPortfolio.ManageportfolioTest" name="createPortfolio" time="0.000">
    <skipped/>
  </testcase> <!-- createPortfolio -->
</testsuite> <!-- testcasesrediffPortfolio.ManageportfolioTest -->
