<?xml version="1.0" encoding="UTF-8"?>
<!-- Generated by org.testng.reporters.JUnitXMLReporter -->
<testsuite ignored="10" hostname="MSI" failures="0" tests="5" name="Add Stock Test" time="169.421" errors="0" timestamp="2026-07-29T12:24:38 IST">
  <testcase classname="testcasesrediffPortfolio.ManageSessionTest" name="doLogin" time="26.74"/>
  <testcase classname="testcasesrediffPortfolio.ManageportfolioTest" name="selectPortfolio" time="3.353"/>
  <testcase classname="testcasesrediffPortfolio.ManageStocksTest" name="addStockTest" time="15.291"/>
  <testcase classname="testcasesrediffPortfolio.ManageStocksTest" name="verifyStockIsPresent" time="60.424"/>
  <testcase classname="testcasesrediffPortfolio.ManageStocksTest" name="verifyTransactionHistory" time="62.664"/>
  <testcase classname="testcasesrediffPortfolio.ManageSessionTest" name="doLogOut" time="0.0">
    <ignored/>
  </testcase> <!-- doLogOut -->
  <testcase classname="testbase.BaseTest" name="@BeforeTest beforeTest" time="0.0">
    <ignored/>
  </testcase> <!-- @BeforeTest beforeTest -->
  <testcase classname="testcasesrediffPortfolio.ManageStocksTest" name="modifyStock" time="0.0">
    <ignored/>
  </testcase> <!-- modifyStock -->
  <testcase classname="testcasesrediffPortfolio.ManageportfolioTest" name="deleteportfolio" time="0.0">
    <ignored/>
  </testcase> <!-- deleteportfolio -->
  <testcase classname="testcasesrediffPortfolio.ManageportfolioTest" name="createPortfolio" time="0.0">
    <ignored/>
  </testcase> <!-- createPortfolio -->
  <testcase classname="testbase.BaseTest" name="@AfterTest afterTest" time="0.0">
    <ignored/>
  </testcase> <!-- @AfterTest afterTest -->
  <testcase classname="testcasesrediffPortfolio.ManageStocksTest" name="modifyStockTest" time="0.0">
    <ignored/>
  </testcase> <!-- modifyStockTest -->
  <testcase classname="testbase.BaseTest" name="@AfterTest afterTest" time="0.0">
    <ignored/>
  </testcase> <!-- @AfterTest afterTest -->
  <testcase classname="testbase.BaseTest" name="@BeforeTest beforeTest" time="0.0">
    <ignored/>
  </testcase> <!-- @BeforeTest beforeTest -->
  <testcase classname="testcasesrediffPortfolio.ManageStocksTest" name="verifyStockQuantity" time="0.0">
    <ignored/>
  </testcase> <!-- verifyStockQuantity -->
</testsuite> <!-- Add Stock Test -->
