<?xml version="1.0" encoding="UTF-8"?>
<!-- Generated by org.testng.reporters.JUnitXMLReporter -->
<testsuite ignored="5" hostname="MSI" failures="0" tests="2" name="Manage Porfolio Suite : Delete Portfolio Method 1" time="0.007" errors="0" timestamp="2026-08-11T18:16:27 IST">
  <testcase classname="testcasesrediffPortfolio.ManageSessionTest" name="doLogin" time="0.0">
    <skipped/>
  </testcase> <!-- doLogin -->
  <testcase classname="testcasesrediffPortfolio.ManageportfolioTest" name="deleteportfolio" time="0.0">
    <skipped/>
  </testcase> <!-- deleteportfolio -->
  <testcase classname="testcasesrediffPortfolio.ManageportfolioTest" name="selectPortfolio" time="0.0">
    <ignored/>
  </testcase> <!-- selectPortfolio -->
  <testcase classname="testbase.BaseTest" name="@AfterTest afterTest" time="0.0">
    <ignored/>
  </testcase> <!-- @AfterTest afterTest -->
  <testcase classname="testbase.BaseTest" name="@BeforeTest beforeTest" time="0.0">
    <ignored/>
  </testcase> <!-- @BeforeTest beforeTest -->
  <testcase classname="testcasesrediffPortfolio.ManageportfolioTest" name="createPortfolio" time="0.0">
    <ignored/>
  </testcase> <!-- createPortfolio -->
  <testcase classname="testcasesrediffPortfolio.ManageSessionTest" name="doLogOut" time="0.0">
    <ignored/>
  </testcase> <!-- doLogOut -->
</testsuite> <!-- Manage Porfolio Suite : Delete Portfolio Method 1 -->
