<?xml version="1.0" encoding="UTF-8"?>
<!-- Generated by org.testng.reporters.JUnitXMLReporter -->
<testsuite ignored="5" hostname="MSI" failures="0" tests="2" name="Manage Porfolio Suite : Create Portfolio Method 2" time="34.082" errors="0" timestamp="2026-08-11T18:16:27 IST">
  <testcase classname="testcasesrediffPortfolio.ManageSessionTest" name="doLogin" time="27.87"/>
  <testcase classname="testcasesrediffPortfolio.ManageportfolioTest" name="createPortfolio" time="5.524"/>
  <testcase classname="testcasesrediffPortfolio.ManageSessionTest" name="doLogOut" time="0.0">
    <ignored/>
  </testcase> <!-- doLogOut -->
  <testcase classname="testcasesrediffPortfolio.ManageportfolioTest" name="selectPortfolio" time="0.0">
    <ignored/>
  </testcase> <!-- selectPortfolio -->
  <testcase classname="testbase.BaseTest" name="@BeforeTest beforeTest" time="0.0">
    <ignored/>
  </testcase> <!-- @BeforeTest beforeTest -->
  <testcase classname="testbase.BaseTest" name="@AfterTest afterTest" time="0.0">
    <ignored/>
  </testcase> <!-- @AfterTest afterTest -->
  <testcase classname="testcasesrediffPortfolio.ManageportfolioTest" name="deleteportfolio" time="0.0">
    <ignored/>
  </testcase> <!-- deleteportfolio -->
</testsuite> <!-- Manage Porfolio Suite : Create Portfolio Method 2 -->
