<?xml version="1.0" encoding="UTF-8"?>
<!-- Generated by org.testng.reporters.JUnitXMLReporter -->
<testsuite ignored="9" hostname="MSI" failures="1" tests="6" name="Add Stock Test" time="121.411" errors="0" timestamp="2026-07-28T11:31:12 IST">
  <testcase classname="testbase.BaseTest" name="@AfterMethod afterMethod" time="0.0">
    <failure type="java.lang.AssertionError" message="The following asserts failed:
	YES Bankis not present in Stock List!!!">
      <![CDATA[java.lang.AssertionError: The following asserts failed:
YES Bankis not present in Stock List!!!
at keywords.GenericKeywords.reportAll(GenericKeywords.java:108)
at testbase.BaseTest.afterMethod(BaseTest.java:71)
at java.base/java.util.ArrayList.forEach(ArrayList.java:1597)
... Removed 32 stack frames]]>
    </failure>
  </testcase> <!-- @AfterMethod afterMethod -->
  <testcase classname="testbase.BaseTest" name="@BeforeMethod beforeMethod" time="0.001">
    <skipped/>
  </testcase> <!-- @BeforeMethod beforeMethod -->
  <testcase classname="testbase.BaseTest" name="@AfterMethod afterMethod" time="0.0">
    <failure type="java.lang.AssertionError" message="The following asserts failed:
	YES Bankis not present in Stock List!!!">
      <![CDATA[java.lang.AssertionError: The following asserts failed:
YES Bankis not present in Stock List!!!
at keywords.GenericKeywords.reportAll(GenericKeywords.java:108)
at testbase.BaseTest.afterMethod(BaseTest.java:71)
at java.base/java.util.ArrayList.forEach(ArrayList.java:1597)
... Removed 32 stack frames]]>
    </failure>
  </testcase> <!-- @AfterMethod afterMethod -->
  <testcase classname="testbase.BaseTest" name="@BeforeMethod beforeMethod" time="0.0">
    <skipped/>
  </testcase> <!-- @BeforeMethod beforeMethod -->
  <testcase classname="testbase.BaseTest" name="@AfterMethod afterMethod" time="0.0">
    <failure type="java.lang.AssertionError" message="The following asserts failed:
	YES Bankis not present in Stock List!!!">
      <![CDATA[java.lang.AssertionError: The following asserts failed:
YES Bankis not present in Stock List!!!
at keywords.GenericKeywords.reportAll(GenericKeywords.java:108)
at testbase.BaseTest.afterMethod(BaseTest.java:71)
at java.base/java.util.ArrayList.forEach(ArrayList.java:1597)
... Removed 32 stack frames]]>
    </failure>
  </testcase> <!-- @AfterMethod afterMethod -->
  <testcase classname="testcasesrediffPortfolio.ManageSessionTest" name="doLogin" time="29.825"/>
  <testcase classname="testcasesrediffPortfolio.ManageportfolioTest" name="selectPortfolio" time="4.111"/>
  <testcase classname="testcasesrediffPortfolio.ManageStocksTest" name="addStockTest" time="25.708"/>
  <testcase classname="testcasesrediffPortfolio.ManageStocksTest" name="verifyStockIsPresent" time="60.568">
    <failure type="java.lang.AssertionError" message="The following asserts failed:
	YES Bankis not present in Stock List!!!">
      <![CDATA[java.lang.AssertionError: The following asserts failed:
YES Bankis not present in Stock List!!!
at keywords.GenericKeywords.reportAll(GenericKeywords.java:108)
at keywords.GenericKeywords.reportFailure(GenericKeywords.java:97)
at testcasesrediffPortfolio.ManageStocksTest.verifyStockIsPresent(ManageStocksTest.java:120)
at java.base/java.util.ArrayList.forEach(ArrayList.java:1597)
... Removed 27 stack frames]]>
    </failure>
  </testcase> <!-- verifyStockIsPresent -->
  <testcase classname="testcasesrediffPortfolio.ManageStocksTest" name="verifyStockQuantity" time="0.0">
    <skipped/>
  </testcase> <!-- verifyStockQuantity -->
  <testcase classname="testcasesrediffPortfolio.ManageStocksTest" name="verifyTransactionHistory" time="0.001">
    <skipped/>
  </testcase> <!-- verifyTransactionHistory -->
  <testcase classname="testcasesrediffPortfolio.ManageportfolioTest" name="createPortfolio" time="0.0">
    <ignored/>
  </testcase> <!-- createPortfolio -->
  <testcase classname="testbase.BaseTest" name="@BeforeTest beforeTest" time="0.0">
    <ignored/>
  </testcase> <!-- @BeforeTest beforeTest -->
  <testcase classname="testcasesrediffPortfolio.ManageStocksTest" name="modifyStock" time="0.0">
    <ignored/>
  </testcase> <!-- modifyStock -->
  <testcase classname="testbase.BaseTest" name="@AfterTest afterTest" time="0.0">
    <ignored/>
  </testcase> <!-- @AfterTest afterTest -->
  <testcase classname="testbase.BaseTest" name="@BeforeTest beforeTest" time="0.0">
    <ignored/>
  </testcase> <!-- @BeforeTest beforeTest -->
  <testcase classname="testcasesrediffPortfolio.ManageSessionTest" name="doLogOut" time="0.0">
    <ignored/>
  </testcase> <!-- doLogOut -->
  <testcase classname="testcasesrediffPortfolio.ManageStocksTest" name="modifyStockTest" time="0.0">
    <ignored/>
  </testcase> <!-- modifyStockTest -->
  <testcase classname="testcasesrediffPortfolio.ManageportfolioTest" name="deleteportfolio" time="0.0">
    <ignored/>
  </testcase> <!-- deleteportfolio -->
  <testcase classname="testbase.BaseTest" name="@AfterTest afterTest" time="0.0">
    <ignored/>
  </testcase> <!-- @AfterTest afterTest -->
</testsuite> <!-- Add Stock Test -->
