<?xml version="1.0" encoding="UTF-8"?>
<!-- Generated by org.testng.reporters.JUnitXMLReporter -->
<testsuite ignored="0" hostname="MSI" failures="0" tests="6" name="Test" time="0.101" errors="0" timestamp="2026-05-16T22:32:21 IST">
  <testcase classname="testcasesrediffPortfolio.ManageStocksTest" name="addStockTest" time="0.015"/>
  <testcase classname="testcasesrediffPortfolio.ManageStocksTest" name="modifyStockTest" time="0.001"/>
  <testcase classname="testcasesrediffPortfolio.ManageSessionTest" name="doLogOut" time="0.009"/>
  <testcase classname="testcasesrediffPortfolio.ManageSessionTest" name="doLogin" time="0.002"/>
  <testcase classname="testcasesrediffPortfolio.ManageportfolioTest" name="createPortfolio" time="0.002"/>
  <testcase classname="testcasesrediffPortfolio.ManageportfolioTest" name="deleteportfolio" time="0.001"/>
</testsuite> <!-- Test -->
